<?xml version="1.0" encoding="UTF-8"?>
<!-- Generated by org.testng.reporters.JUnitReportReporter -->
<testsuite hostname="ShruSats" failures="0" tests="1" name="script.Test1" time="17.072" errors="0" timestamp="07 Mar 2022 03:12:49 GMT" skipped="0">
  <testcase classname="script.Test1" name="testA" time="17.072"/>
</testsuite> <!-- script.Test1 -->
