<?xml version="1.0" encoding="UTF-8"?>
<!-- Generated by org.testng.reporters.JUnitReportReporter -->
<testsuite hostname="ShruSats" failures="0" tests="2" name="script.ValidLogin" time="109.176" errors="0" timestamp="09 Mar 2022 03:55:33 GMT" skipped="0">
  <testcase classname="script.ValidLogin" name="testValidLogin" time="43.034"/>
  <testcase classname="script.ValidLogin" name="testValidLogin" time="66.142"/>
</testsuite> <!-- script.ValidLogin -->
