<?xml version="1.0" encoding="UTF-8"?>
<!-- Generated by org.testng.reporters.JUnitReportReporter -->
<testsuite hostname="ShruSats" failures="0" tests="1" name="script.Test1" time="32.144" errors="0" timestamp="04 Mar 2022 02:24:04 GMT" skipped="0">
  <testcase classname="script.Test1" name="testA" time="32.144"/>
</testsuite> <!-- script.Test1 -->
