<?xml version="1.0" encoding="UTF-8"?>
<!-- Generated by org.testng.reporters.JUnitReportReporter -->
<testsuite hostname="ShruSats" failures="0" tests="2" name="script.Test1" time="170.457" errors="0" timestamp="09 Mar 2022 03:55:33 GMT" skipped="0">
  <testcase classname="script.Test1" name="testA" time="71.103"/>
  <testcase classname="script.Test1" name="testA" time="99.354"/>
</testsuite> <!-- script.Test1 -->
