<?xml version="1.0" encoding="UTF-8"?>
<!-- Generated by org.testng.reporters.JUnitReportReporter -->
<testsuite hostname="ShruSats" failures="0" tests="1" name="script.ValidLogin" time="20.395" errors="0" timestamp="07 Mar 2022 03:56:34 GMT" skipped="0">
  <testcase classname="script.ValidLogin" name="testValidLogin" time="20.395"/>
</testsuite> <!-- script.ValidLogin -->
